<!DOCTYPE html>
<html>
<head>
    <title>Total Google Tests</title>
    <meta charset="utf-8">
    <meta name="viewport" content="width=device-width, initial-scale=1.0">
    <link rel="stylesheet" href="https://maxcdn.bootstrapcdn.com/bootstrap/3.3.6/css/bootstrap.min.css" integrity="sha384-1q8mTJOASx8j1Au+a5WDVnPi2lkFfwwEAa8hDDdjZlpLegxhjVME1fgjWPGmkzs7" crossorigin="anonymous">
</head>
<body>
    <div class="container">
        <div class="row">
            <div class="col-xs-12">
                <h2 class="text-capitalize">Total Google Tests</h2>
                <p class='attribute'><strong>Start Time: </strong>2023-04-17 11:19:11</p>
                <p class='attribute'><strong>Duration: </strong>112.93 s</p>
                <p class='attribute'><strong>Summary: </strong>Total: 6, Pass: 4, Error: 2</p>
            </div>
        </div>
        <div class="row">
            <div class="col-xs-12 col-sm-10 col-md-10">
                <table class='table table-hover table-responsive'>
                    <thead>
                        <tr>
                            <th>__main__.bigsearch</th>
                            <th>Status</th>
                            <th></th>
                        </tr>
                    </thead>
                    <tbody>
                        <tr class='success'>
                            <td class="col-xs-10">test_1_searchcodingcenter</td>
                            <td class="col-xs-1">
                                <span class="label label-success" style="display:block;width:40px;">Pass</span>
                            </td>
                            <td class="col-xs-1">
                                <button class="btn btn-default btn-xs">View</button>
                            </td>
                        </tr>
                        <tr style="display:none;">
                            <td class="col-xs-9" colspan="3"><p>Test Completed Successfully!
</p>
                            </td>
                        </tr>
                        <tr class='success'>
                            <td class="col-xs-10">test_2_searchbestmusicstar</td>
                            <td class="col-xs-1">
                                <span class="label label-success" style="display:block;width:40px;">Pass</span>
                            </td>
                            <td class="col-xs-1">
                                <button class="btn btn-default btn-xs">View</button>
                            </td>
                        </tr>
                        <tr style="display:none;">
                            <td class="col-xs-9" colspan="3"><p>Test Completed Successfully!
</p>
                            </td>
                        </tr>
                        <tr class='success'>
                            <td class="col-xs-10">test_3_searchrichestmen</td>
                            <td class="col-xs-1">
                                <span class="label label-success" style="display:block;width:40px;">Pass</span>
                            </td>
                            <td class="col-xs-1">
                                <button class="btn btn-default btn-xs">View</button>
                            </td>
                        </tr>
                        <tr style="display:none;">
                            <td class="col-xs-9" colspan="3"><p>Test Completed Successfully!
</p>
                            </td>
                        </tr>
                        <tr class='success'>
                            <td class="col-xs-10">test_4_OS</td>
                            <td class="col-xs-1">
                                <span class="label label-success" style="display:block;width:40px;">Pass</span>
                            </td>
                            <td class="col-xs-1">
                                <button class="btn btn-default btn-xs">View</button>
                            </td>
                        </tr>
                        <tr style="display:none;">
                            <td class="col-xs-9" colspan="3"><p>Test Completed Successfully!
</p>
                            </td>
                        </tr>
                        <tr class='warning'>
                            <td class="col-xs-10">test_5_testingtools</td>
                            <td class="col-xs-1">
                                <span class="label label-warning" style="display:block;width:40px;">Error</span>
                            </td>
                            <td class="col-xs-1">
                                <button class="btn btn-default btn-xs">View</button>
                            </td>
                        </tr>
                        <tr style="display:none;">
                            <td class="col-xs-9" colspan="3"><p style="color:maroon;">TimeoutException: Message: timeout: Timed out receiving message from renderer: 15.000
  (Session info: chrome=112.0.5615.49)
Stacktrace:
0   chromedriver                        0x0000000105b32ae8 chromedriver + 4958952
1   chromedriver                        0x0000000105b2a7b3 chromedriver + 4925363
2   chromedriver                        0x00000001056ec1d6 chromedriver + 475606
3   chromedriver                        0x00000001056d444f chromedriver + 377935
4   chromedriver                        0x00000001056d3ffb chromedriver + 376827
5   chromedriver                        0x00000001056d281a chromedriver + 370714
6   chromedriver                        0x00000001056d2d4c chromedriver + 372044
7   chromedriver                        0x00000001056e1b0b chromedriver + 432907
8   chromedriver                        0x00000001056e3412 chromedriver + 439314
9   chromedriver                        0x00000001056f4d74 chromedriver + 511348
10  chromedriver                        0x00000001056fa2fb chromedriver + 533243
11  chromedriver                        0x00000001056d31a8 chromedriver + 373160
12  chromedriver                        0x00000001056f4bbf chromedriver + 510911
13  chromedriver                        0x00000001057714a4 chromedriver + 1021092
14  chromedriver                        0x00000001057559e3 chromedriver + 907747
15  chromedriver                        0x000000010571faef chromedriver + 686831
16  chromedriver                        0x000000010572100e chromedriver + 692238
17  chromedriver                        0x0000000105aee9ad chromedriver + 4680109
18  chromedriver                        0x0000000105af3c12 chromedriver + 4701202
19  chromedriver                        0x0000000105afa79f chromedriver + 4728735
20  chromedriver                        0x0000000105af4b7a chromedriver + 4705146
21  chromedriver                        0x0000000105ac727e chromedriver + 4518526
22  chromedriver                        0x0000000105b14908 chromedriver + 4835592
23  chromedriver                        0x0000000105b14a87 chromedriver + 4835975
24  chromedriver                        0x0000000105b2400f chromedriver + 4898831
25  libsystem_pthread.dylib             0x00007ff814b6c259 _pthread_start + 125
26  libsystem_pthread.dylib             0x00007ff814b67c7b thread_start + 15
</p><p style="color:maroon;">Traceback (most recent call last):
  File "/Users/Project/Anchsft & Prospect/myprojects/firstpython/testsuite.py", line 35, in test_5_testingtools
    self.googletest.find_element("name", "q").send_keys(Keys.ENTER)
  File "/Users/ayodamolaoyegbemi/Library/Python/3.11/lib/python/site-packages/selenium/webdriver/remote/webelement.py", line 231, in send_keys
    self._execute(
  File "/Users/ayodamolaoyegbemi/Library/Python/3.11/lib/python/site-packages/selenium/webdriver/remote/webelement.py", line 404, in _execute
    return self._parent.execute(command, params)
           ^^^^^^^^^^^^^^^^^^^^^^^^^^^^^^^^^^^^^
  File "/Users/ayodamolaoyegbemi/Library/Python/3.11/lib/python/site-packages/selenium/webdriver/remote/webdriver.py", line 440, in execute
    self.error_handler.check_response(response)
  File "/Users/ayodamolaoyegbemi/Library/Python/3.11/lib/python/site-packages/selenium/webdriver/remote/errorhandler.py", line 245, in check_response
    raise exception_class(message, screen, stacktrace)
selenium.common.exceptions.TimeoutException: Message: timeout: Timed out receiving message from renderer: 15.000
  (Session info: chrome=112.0.5615.49)
Stacktrace:
0   chromedriver                        0x0000000105b32ae8 chromedriver + 4958952
1   chromedriver                        0x0000000105b2a7b3 chromedriver + 4925363
2   chromedriver                        0x00000001056ec1d6 chromedriver + 475606
3   chromedriver                        0x00000001056d444f chromedriver + 377935
4   chromedriver                        0x00000001056d3ffb chromedriver + 376827
5   chromedriver                        0x00000001056d281a chromedriver + 370714
6   chromedriver                        0x00000001056d2d4c chromedriver + 372044
7   chromedriver                        0x00000001056e1b0b chromedriver + 432907
8   chromedriver                        0x00000001056e3412 chromedriver + 439314
9   chromedriver                        0x00000001056f4d74 chromedriver + 511348
10  chromedriver                        0x00000001056fa2fb chromedriver + 533243
11  chromedriver                        0x00000001056d31a8 chromedriver + 373160
12  chromedriver                        0x00000001056f4bbf chromedriver + 510911
13  chromedriver                        0x00000001057714a4 chromedriver + 1021092
14  chromedriver                        0x00000001057559e3 chromedriver + 907747
15  chromedriver                        0x000000010571faef chromedriver + 686831
16  chromedriver                        0x000000010572100e chromedriver + 692238
17  chromedriver                        0x0000000105aee9ad chromedriver + 4680109
18  chromedriver                        0x0000000105af3c12 chromedriver + 4701202
19  chromedriver                        0x0000000105afa79f chromedriver + 4728735
20  chromedriver                        0x0000000105af4b7a chromedriver + 4705146
21  chromedriver                        0x0000000105ac727e chromedriver + 4518526
22  chromedriver                        0x0000000105b14908 chromedriver + 4835592
23  chromedriver                        0x0000000105b14a87 chromedriver + 4835975
24  chromedriver                        0x0000000105b2400f chromedriver + 4898831
25  libsystem_pthread.dylib             0x00007ff814b6c259 _pthread_start + 125
26  libsystem_pthread.dylib             0x00007ff814b67c7b thread_start + 15

</p>
                            </td>
                        </tr>
                        <tr class='warning'>
                            <td class="col-xs-10">test_6_ASI</td>
                            <td class="col-xs-1">
                                <span class="label label-warning" style="display:block;width:40px;">Error</span>
                            </td>
                            <td class="col-xs-1">
                                <button class="btn btn-default btn-xs">View</button>
                            </td>
                        </tr>
                        <tr style="display:none;">
                            <td class="col-xs-9" colspan="3"><p style="color:maroon;">NoSuchElementException: Message: no such element: Unable to locate element: {"method":"css selector","selector":"[name="q"]"}
  (Session info: chrome=112.0.5615.49)
Stacktrace:
0   chromedriver                        0x0000000109741ae8 chromedriver + 4958952
1   chromedriver                        0x00000001097397b3 chromedriver + 4925363
2   chromedriver                        0x00000001092fb1d6 chromedriver + 475606
3   chromedriver                        0x000000010933ea20 chromedriver + 752160
4   chromedriver                        0x000000010933ec81 chromedriver + 752769
5   chromedriver                        0x0000000109382f64 chromedriver + 1032036
6   chromedriver                        0x0000000109364c3d chromedriver + 908349
7   chromedriver                        0x000000010938025b chromedriver + 1020507
8   chromedriver                        0x00000001093649e3 chromedriver + 907747
9   chromedriver                        0x000000010932eaef chromedriver + 686831
10  chromedriver                        0x000000010933000e chromedriver + 692238
11  chromedriver                        0x00000001096fd9ad chromedriver + 4680109
12  chromedriver                        0x0000000109702c12 chromedriver + 4701202
13  chromedriver                        0x000000010970979f chromedriver + 4728735
14  chromedriver                        0x0000000109703b7a chromedriver + 4705146
15  chromedriver                        0x00000001096d627e chromedriver + 4518526
16  chromedriver                        0x0000000109723908 chromedriver + 4835592
17  chromedriver                        0x0000000109723a87 chromedriver + 4835975
18  chromedriver                        0x000000010973300f chromedriver + 4898831
19  libsystem_pthread.dylib             0x00007ff814b6c259 _pthread_start + 125
20  libsystem_pthread.dylib             0x00007ff814b67c7b thread_start + 15
</p><p style="color:maroon;">Traceback (most recent call last):
  File "/Users/Project/Anchsft & Prospect/myprojects/firstpython/testsuite.py", line 38, in test_6_ASI
    self.googletest.find_element("name", "q").send_keys("what is artificial super intelligence?")
    ^^^^^^^^^^^^^^^^^^^^^^^^^^^^^^^^^^^^^^^^^
  File "/Users/ayodamolaoyegbemi/Library/Python/3.11/lib/python/site-packages/selenium/webdriver/remote/webdriver.py", line 831, in find_element
    return self.execute(Command.FIND_ELEMENT, {"using": by, "value": value})["value"]
           ^^^^^^^^^^^^^^^^^^^^^^^^^^^^^^^^^^^^^^^^^^^^^^^^^^^^^^^^^^^^^^^^^
  File "/Users/ayodamolaoyegbemi/Library/Python/3.11/lib/python/site-packages/selenium/webdriver/remote/webdriver.py", line 440, in execute
    self.error_handler.check_response(response)
  File "/Users/ayodamolaoyegbemi/Library/Python/3.11/lib/python/site-packages/selenium/webdriver/remote/errorhandler.py", line 245, in check_response
    raise exception_class(message, screen, stacktrace)
selenium.common.exceptions.NoSuchElementException: Message: no such element: Unable to locate element: {"method":"css selector","selector":"[name="q"]"}
  (Session info: chrome=112.0.5615.49)
Stacktrace:
0   chromedriver                        0x0000000109741ae8 chromedriver + 4958952
1   chromedriver                        0x00000001097397b3 chromedriver + 4925363
2   chromedriver                        0x00000001092fb1d6 chromedriver + 475606
3   chromedriver                        0x000000010933ea20 chromedriver + 752160
4   chromedriver                        0x000000010933ec81 chromedriver + 752769
5   chromedriver                        0x0000000109382f64 chromedriver + 1032036
6   chromedriver                        0x0000000109364c3d chromedriver + 908349
7   chromedriver                        0x000000010938025b chromedriver + 1020507
8   chromedriver                        0x00000001093649e3 chromedriver + 907747
9   chromedriver                        0x000000010932eaef chromedriver + 686831
10  chromedriver                        0x000000010933000e chromedriver + 692238
11  chromedriver                        0x00000001096fd9ad chromedriver + 4680109
12  chromedriver                        0x0000000109702c12 chromedriver + 4701202
13  chromedriver                        0x000000010970979f chromedriver + 4728735
14  chromedriver                        0x0000000109703b7a chromedriver + 4705146
15  chromedriver                        0x00000001096d627e chromedriver + 4518526
16  chromedriver                        0x0000000109723908 chromedriver + 4835592
17  chromedriver                        0x0000000109723a87 chromedriver + 4835975
18  chromedriver                        0x000000010973300f chromedriver + 4898831
19  libsystem_pthread.dylib             0x00007ff814b6c259 _pthread_start + 125
20  libsystem_pthread.dylib             0x00007ff814b67c7b thread_start + 15

</p>
                            </td>
                        </tr>
                        <tr>
                            <td colspan="3">
                                Total: 6, Pass: 4, Error: 2 -- Duration: 112.93 s
                            </td>
                        </tr>
                    </tbody>
                </table>
            </div>
        </div>
    </div>
    <script src="https://ajax.googleapis.com/ajax/libs/jquery/2.2.4/jquery.min.js"></script>
    <script type="text/javascript">
        $(document).ready(function(){
            $('td').on('click', '.btn', function(e){
                e.preventDefault();
                e.stopImmediatePropagation();
                var $this = $(this);
                var $nextRow = $this.closest('tr').next('tr');
                $nextRow.slideToggle("fast");
                $this.text(function(i, text){
                    if (text === 'View') {
                        return 'Hide';
                    } else {
                        return 'View';
                    };
                });
            });
        });
    </script>
</body>
</html